2016-06-04 17:38:57 Notice: Notice (8): Undefined variable: user in [/Users/domingossantos/git/cobranca/src/Controller/UsuariosController.php, line 118]
Request URL: /usuarios/login
Referer URL: http://localhost:8765/usuarios/login
Trace:
Cake\Error\BaseErrorHandler::handleError() - CORE/src/Error/BaseErrorHandler.php, line 146
App\Controller\UsuariosController::login() - APP/Controller/UsuariosController.php, line 118
Cake\Controller\Controller::invokeAction() - CORE/src/Controller/Controller.php, line 429
Cake\Routing\Dispatcher::_invoke() - CORE/src/Routing/Dispatcher.php, line 114
Cake\Routing\Dispatcher::dispatch() - CORE/src/Routing/Dispatcher.php, line 87
[main] - ROOT/webroot/index.php, line 37



2016-06-04 17:52:28 Notice: Notice (8): Undefined variable: user in [/Users/domingossantos/git/cobranca/src/Template/Users/index.ctp, line 11]
Request URL: /users
Trace:
Cake\Error\BaseErrorHandler::handleError() - CORE/src/Error/BaseErrorHandler.php, line 146
include - APP/Template/Users/index.ctp, line 11
Cake\View\View::_evaluate() - CORE/src/View/View.php, line 992
Cake\View\View::_render() - CORE/src/View/View.php, line 952
Cake\View\View::render() - CORE/src/View/View.php, line 587
Cake\Controller\Controller::render() - CORE/src/Controller/Controller.php, line 611
Cake\Routing\Dispatcher::_invoke() - CORE/src/Routing/Dispatcher.php, line 120
Cake\Routing\Dispatcher::dispatch() - CORE/src/Routing/Dispatcher.php, line 87
[main] - ROOT/webroot/index.php, line 37



